<?xml version="1.0" encoding="UTF-8"?>
<testng-results ignored="0" total="2" passed="2" failed="0" skipped="0">
  <reporter-output>
  </reporter-output>
  <suite started-at="2024-10-07T12:36:12 IST" name="Default suite" finished-at="2024-10-07T12:36:54 IST" duration-ms="41862">
    <groups>
    </groups>
    <test started-at="2024-10-07T12:36:12 IST" name="Default test" finished-at="2024-10-07T12:36:54 IST" duration-ms="41862">
      <class name="Aug19.Using_property">
        <test-method is-config="true" signature="Setup()[pri:0, instance:Aug19.Using_property@1e683a3e]" started-at="2024-10-07T12:36:12 IST" name="Setup" finished-at="2024-10-07T12:36:17 IST" duration-ms="5303" status="PASS">
          <reporter-output>
          </reporter-output>
        </test-method> <!-- Setup -->
        <test-method signature="Rolecreation()[pri:0, instance:Aug19.Using_property@1e683a3e]" started-at="2024-10-07T12:36:17 IST" name="Rolecreation" finished-at="2024-10-07T12:36:23 IST" duration-ms="5924" status="PASS">
          <reporter-output>
          </reporter-output>
        </test-method> <!-- Rolecreation -->
        <test-method is-config="true" signature="teardown()[pri:0, instance:Aug19.Using_property@1e683a3e]" started-at="2024-10-07T12:36:23 IST" name="teardown" finished-at="2024-10-07T12:36:24 IST" duration-ms="377" status="PASS">
          <reporter-output>
          </reporter-output>
        </test-method> <!-- teardown -->
        <test-method is-config="true" signature="Setup()[pri:0, instance:Aug19.Using_property@1e683a3e]" started-at="2024-10-07T12:36:24 IST" name="Setup" finished-at="2024-10-07T12:36:29 IST" duration-ms="4847" status="PASS">
          <reporter-output>
          </reporter-output>
        </test-method> <!-- Setup -->
        <test-method signature="Branchcreation()[pri:1, instance:Aug19.Using_property@1e683a3e]" started-at="2024-10-07T12:36:29 IST" name="Branchcreation" finished-at="2024-10-07T12:36:53 IST" duration-ms="23928" status="PASS">
          <reporter-output>
          </reporter-output>
        </test-method> <!-- Branchcreation -->
        <test-method is-config="true" signature="teardown()[pri:0, instance:Aug19.Using_property@1e683a3e]" started-at="2024-10-07T12:36:53 IST" name="teardown" finished-at="2024-10-07T12:36:54 IST" duration-ms="1440" status="PASS">
          <reporter-output>
          </reporter-output>
        </test-method> <!-- teardown -->
      </class> <!-- Aug19.Using_property -->
    </test> <!-- Default test -->
  </suite> <!-- Default suite -->
</testng-results>
